14:29:22:472  INFO 792 --- [main] com.hmall.item.ItemApplication           : Starting ItemApplication using Java 20.0.2 on LAPTOP-33Q7328Q with PID 792 (D:\1SpringCloud微服务—资料\day03-微服务01\资料\hmall\item-service\target\classes started by Lenovo in D:\1SpringCloud微服务—资料\day03-微服务01\资料\hmall)
14:29:22:483 DEBUG 792 --- [main] com.hmall.item.ItemApplication           : Running with Spring Boot v2.7.12, Spring v5.3.27
14:29:22:484  INFO 792 --- [main] com.hmall.item.ItemApplication           : The following 1 profile is active: "local"
14:29:24:605  INFO 792 --- [main] o.s.cloud.context.scope.GenericScope     : BeanFactory id=927ef463-f6c8-3ecb-906c-1c0427f9f88a
14:29:25:436  INFO 792 --- [main] o.s.b.w.embedded.tomcat.TomcatWebServer  : Tomcat initialized with port(s): 7000 (http)
14:29:25:464  INFO 792 --- [main] o.apache.catalina.core.StandardService   : Starting service [Tomcat]
14:29:25:464  INFO 792 --- [main] org.apache.catalina.core.StandardEngine  : Starting Servlet engine: [Apache Tomcat/9.0.75]
14:29:25:690  INFO 792 --- [main] o.a.c.c.C.[Tomcat].[localhost].[/]       : Initializing Spring embedded WebApplicationContext
14:29:25:691  INFO 792 --- [main] w.s.c.ServletWebServerApplicationContext : Root WebApplicationContext: initialization completed in 3108 ms
14:29:29:267  INFO 792 --- [main] o.s.cloud.commons.util.InetUtils         : Cannot determine local hostname
14:29:29:336  INFO 792 --- [main] pertySourcedRequestMappingHandlerMapping : Mapped URL path [/v2/api-docs] onto method [springfox.documentation.swagger2.web.Swagger2ControllerWebMvc#getDocumentation(String, HttpServletRequest)]
14:29:31:147  INFO 792 --- [main] o.s.cloud.commons.util.InetUtils         : Cannot determine local hostname
14:29:31:379  INFO 792 --- [main] com.alibaba.nacos.common.remote.client   : [RpcClientFactory] create a new rpc client of a0fb7e0f-aaab-411f-9f1d-041f5bd0dcd7
14:29:31:527  INFO 792 --- [main] org.reflections.Reflections              : Reflections took 93 ms to scan 1 urls, producing 3 keys and 6 values 
14:29:31:591  INFO 792 --- [main] org.reflections.Reflections              : Reflections took 25 ms to scan 1 urls, producing 4 keys and 9 values 
14:29:31:620  INFO 792 --- [main] org.reflections.Reflections              : Reflections took 21 ms to scan 1 urls, producing 3 keys and 10 values 
14:29:31:625  WARN 792 --- [main] org.reflections.Reflections              : given scan urls are empty. set urls in the configuration
14:29:31:649  INFO 792 --- [main] org.reflections.Reflections              : Reflections took 22 ms to scan 1 urls, producing 1 keys and 5 values 
14:29:31:675  INFO 792 --- [main] org.reflections.Reflections              : Reflections took 21 ms to scan 1 urls, producing 1 keys and 7 values 
14:29:31:693  INFO 792 --- [main] org.reflections.Reflections              : Reflections took 15 ms to scan 1 urls, producing 2 keys and 8 values 
14:29:31:697  WARN 792 --- [main] org.reflections.Reflections              : given scan urls are empty. set urls in the configuration
14:29:31:699  INFO 792 --- [main] com.alibaba.nacos.common.remote.client   : [a0fb7e0f-aaab-411f-9f1d-041f5bd0dcd7] RpcClient init label, labels = {module=naming, source=sdk}
14:29:31:702  INFO 792 --- [main] com.alibaba.nacos.common.remote.client   : [a0fb7e0f-aaab-411f-9f1d-041f5bd0dcd7] RpcClient init, ServerListFactory = com.alibaba.nacos.client.naming.core.ServerListManager
14:29:31:702  INFO 792 --- [main] com.alibaba.nacos.common.remote.client   : [a0fb7e0f-aaab-411f-9f1d-041f5bd0dcd7] Registry connection listener to current client:com.alibaba.nacos.client.naming.remote.gprc.redo.NamingGrpcRedoService
14:29:31:702  INFO 792 --- [main] com.alibaba.nacos.common.remote.client   : [a0fb7e0f-aaab-411f-9f1d-041f5bd0dcd7] Register server push request handler:com.alibaba.nacos.client.naming.remote.gprc.NamingPushRequestHandler
14:29:31:705  INFO 792 --- [main] com.alibaba.nacos.common.remote.client   : [a0fb7e0f-aaab-411f-9f1d-041f5bd0dcd7] Try to connect to server on start up, server: {serverIp = '192.168.202.128', server main port = 8848}
14:29:33:975  INFO 792 --- [main] com.alibaba.nacos.common.remote.client   : [a0fb7e0f-aaab-411f-9f1d-041f5bd0dcd7] Success to connect to server [192.168.202.128:8848] on start up, connectionId = 1733898592932_192.168.202.1_2958
14:29:33:976  INFO 792 --- [com.alibaba.nacos.client.remote.worker] com.alibaba.nacos.common.remote.client   : [a0fb7e0f-aaab-411f-9f1d-041f5bd0dcd7] Notify connected event to listeners.
14:29:33:977  INFO 792 --- [main] com.alibaba.nacos.common.remote.client   : [a0fb7e0f-aaab-411f-9f1d-041f5bd0dcd7] Register server push request handler:com.alibaba.nacos.common.remote.client.RpcClient$ConnectResetRequestHandler
14:29:33:977  INFO 792 --- [main] com.alibaba.nacos.common.remote.client   : [a0fb7e0f-aaab-411f-9f1d-041f5bd0dcd7] Register server push request handler:com.alibaba.nacos.common.remote.client.RpcClient$$Lambda$930/0x000002b801718880
14:29:34:080  INFO 792 --- [main] o.s.b.w.embedded.tomcat.TomcatWebServer  : Tomcat started on port(s): 7000 (http) with context path ''
14:29:34:105  INFO 792 --- [main] c.a.c.n.registry.NacosServiceRegistry    : nacos registry, DEFAULT_GROUP item-service 192.168.202.1:7000 register finished
14:29:34:572  INFO 792 --- [nacos-grpc-client-executor-8] com.alibaba.nacos.common.remote.client   : [a0fb7e0f-aaab-411f-9f1d-041f5bd0dcd7] Receive server push request, request = NotifySubscriberRequest, requestId = 9
14:29:34:580  INFO 792 --- [nacos-grpc-client-executor-8] com.alibaba.nacos.common.remote.client   : [a0fb7e0f-aaab-411f-9f1d-041f5bd0dcd7] Ack server push request, request = NotifySubscriberRequest, requestId = 9
14:29:35:721  INFO 792 --- [main] o.s.cloud.commons.util.InetUtils         : Cannot determine local hostname
14:29:35:722  INFO 792 --- [main] d.s.w.p.DocumentationPluginsBootstrapper : Documentation plugins bootstrapped
14:29:35:729  INFO 792 --- [main] d.s.w.p.DocumentationPluginsBootstrapper : Found 1 custom documentation plugin(s)
14:29:35:795  INFO 792 --- [main] s.d.s.w.s.ApiListingReferenceScanner     : Scanning for api listing references
14:29:36:071  INFO 792 --- [main] com.hmall.item.ItemApplication           : Started ItemApplication in 16.494 seconds (JVM running for 17.965)
14:30:53:618  INFO 792 --- [http-nio-7000-exec-1] o.a.c.c.C.[Tomcat].[localhost].[/]       : Initializing Spring DispatcherServlet 'dispatcherServlet'
14:30:53:618  INFO 792 --- [http-nio-7000-exec-1] o.s.web.servlet.DispatcherServlet        : Initializing Servlet 'dispatcherServlet'
14:30:53:619  INFO 792 --- [http-nio-7000-exec-1] o.s.web.servlet.DispatcherServlet        : Completed initialization in 1 ms
14:30:53:773  INFO 792 --- [http-nio-7000-exec-1] com.zaxxer.hikari.HikariDataSource       : HikariPool-1 - Starting...
14:30:54:396  INFO 792 --- [http-nio-7000-exec-1] com.zaxxer.hikari.HikariDataSource       : HikariPool-1 - Start completed.
14:30:54:411 DEBUG 792 --- [http-nio-7000-exec-1] c.h.i.mapper.ItemMapper.selectBatchIds   : ==>  Preparing: SELECT id,name,price,stock,image,category,brand,spec,sold,comment_count,isAD,status,create_time,update_time,creater,updater FROM item WHERE id IN ( ? )
14:30:54:459 DEBUG 792 --- [http-nio-7000-exec-1] c.h.i.mapper.ItemMapper.selectBatchIds   : ==> Parameters: 100000006163(Long)
14:30:54:519 DEBUG 792 --- [http-nio-7000-exec-1] c.h.i.mapper.ItemMapper.selectBatchIds   : <==      Total: 1
14:31:00:065 DEBUG 792 --- [http-nio-7000-exec-2] c.h.i.mapper.ItemMapper.selectBatchIds   : ==>  Preparing: SELECT id,name,price,stock,image,category,brand,spec,sold,comment_count,isAD,status,create_time,update_time,creater,updater FROM item WHERE id IN ( ? )
14:31:00:065 DEBUG 792 --- [http-nio-7000-exec-2] c.h.i.mapper.ItemMapper.selectBatchIds   : ==> Parameters: 100000006163(Long)
14:31:00:072 DEBUG 792 --- [http-nio-7000-exec-2] c.h.i.mapper.ItemMapper.selectBatchIds   : <==      Total: 1
14:31:10:429 DEBUG 792 --- [http-nio-7000-exec-3] c.h.i.mapper.ItemMapper.selectBatchIds   : ==>  Preparing: SELECT id,name,price,stock,image,category,brand,spec,sold,comment_count,isAD,status,create_time,update_time,creater,updater FROM item WHERE id IN ( ? )
14:31:10:430 DEBUG 792 --- [http-nio-7000-exec-3] c.h.i.mapper.ItemMapper.selectBatchIds   : ==> Parameters: 100000006163(Long)
14:31:10:434 DEBUG 792 --- [http-nio-7000-exec-3] c.h.i.mapper.ItemMapper.selectBatchIds   : <==      Total: 1
14:31:14:418  INFO 792 --- [http-nio-7000-exec-4] c.h.item.controller.SearchController     : website:guanzhongzheng.online
14:31:14:582 DEBUG 792 --- [http-nio-7000-exec-4] c.h.i.m.ItemMapper.selectPage_mpCount    : ==>  Preparing: SELECT COUNT(*) FROM item WHERE (status = ?)
14:31:14:584 DEBUG 792 --- [http-nio-7000-exec-4] c.h.i.m.ItemMapper.selectPage_mpCount    : ==> Parameters: 1(Integer)
14:31:14:726 DEBUG 792 --- [http-nio-7000-exec-4] c.h.i.m.ItemMapper.selectPage_mpCount    : <==      Total: 1
14:31:14:743 DEBUG 792 --- [http-nio-7000-exec-4] c.h.item.mapper.ItemMapper.selectPage    : ==>  Preparing: SELECT id, name, price, stock, image, category, brand, spec, sold, comment_count, isAD, status, create_time, update_time, creater, updater FROM item WHERE (status = ?) ORDER BY update_time DESC LIMIT ?
14:31:14:744 DEBUG 792 --- [http-nio-7000-exec-4] c.h.item.mapper.ItemMapper.selectPage    : ==> Parameters: 1(Integer), 20(Long)
14:31:14:779 DEBUG 792 --- [http-nio-7000-exec-4] c.h.item.mapper.ItemMapper.selectPage    : <==      Total: 20
14:31:32:823 DEBUG 792 --- [http-nio-7000-exec-5] c.h.i.mapper.ItemMapper.selectBatchIds   : ==>  Preparing: SELECT id,name,price,stock,image,category,brand,spec,sold,comment_count,isAD,status,create_time,update_time,creater,updater FROM item WHERE id IN ( ? )
14:31:32:823 DEBUG 792 --- [http-nio-7000-exec-5] c.h.i.mapper.ItemMapper.selectBatchIds   : ==> Parameters: 3072507(Long)
14:31:32:827 DEBUG 792 --- [http-nio-7000-exec-5] c.h.i.mapper.ItemMapper.selectBatchIds   : <==      Total: 1
14:31:43:880 DEBUG 792 --- [http-nio-7000-exec-6] c.h.i.mapper.ItemMapper.selectBatchIds   : ==>  Preparing: SELECT id,name,price,stock,image,category,brand,spec,sold,comment_count,isAD,status,create_time,update_time,creater,updater FROM item WHERE id IN ( ? )
14:31:43:881 DEBUG 792 --- [http-nio-7000-exec-6] c.h.i.mapper.ItemMapper.selectBatchIds   : ==> Parameters: 3072507(Long)
14:31:43:884 DEBUG 792 --- [http-nio-7000-exec-6] c.h.i.mapper.ItemMapper.selectBatchIds   : <==      Total: 1
14:31:44:267  WARN 792 --- [http-nio-7000-exec-7] .w.s.m.s.DefaultHandlerExceptionResolver : Resolved [org.springframework.http.converter.HttpMessageNotReadableException: JSON parse error: Cannot deserialize value of type `com.hmall.item.domain.dto.OrderDetailDTO` from Array value (token `JsonToken.START_ARRAY`); nested exception is com.fasterxml.jackson.databind.exc.MismatchedInputException: Cannot deserialize value of type `com.hmall.item.domain.dto.OrderDetailDTO` from Array value (token `JsonToken.START_ARRAY`)<EOL> at [Source: (org.springframework.util.StreamUtils$NonClosingInputStream); line: 1, column: 2] (through reference chain: java.util.ArrayList[0])]
14:45:53:540  WARN 792 --- [Thread-4] c.a.nacos.common.notify.NotifyCenter     : [NotifyCenter] Start destroying Publisher
14:45:53:540  WARN 792 --- [Thread-7] c.a.n.common.http.HttpClientBeanHolder   : [HttpClientBeanHolder] Start destroying common HttpClient
14:45:53:542  WARN 792 --- [Thread-4] c.a.nacos.common.notify.NotifyCenter     : [NotifyCenter] Destruction of the end
14:45:53:543  WARN 792 --- [Thread-7] c.a.n.common.http.HttpClientBeanHolder   : [HttpClientBeanHolder] Destruction of the end
14:45:53:641  INFO 792 --- [SpringApplicationShutdownHook] c.a.c.n.registry.NacosServiceRegistry    : De-registering from Nacos Server now...
14:45:53:650  INFO 792 --- [SpringApplicationShutdownHook] c.a.c.n.registry.NacosServiceRegistry    : De-registration finished.
14:45:53:978  INFO 792 --- [SpringApplicationShutdownHook] com.alibaba.nacos.common.remote.client   : Shutdown rpc client, set status to shutdown
14:45:53:979  INFO 792 --- [SpringApplicationShutdownHook] com.alibaba.nacos.common.remote.client   : Shutdown client event executor java.util.concurrent.ScheduledThreadPoolExecutor@528f5b7f[Running, pool size = 2, active threads = 2, queued tasks = 0, completed tasks = 0]
14:45:53:979  INFO 792 --- [SpringApplicationShutdownHook] com.alibaba.nacos.common.remote.client   : Close current connection 1733898592932_192.168.202.1_2958
14:45:53:985  INFO 792 --- [nacos-grpc-client-executor-219] c.a.n.c.remote.client.grpc.GrpcClient    : [1733898592932_192.168.202.1_2958]Ignore complete event,isRunning:false,isAbandon=false
14:45:53:993  INFO 792 --- [SpringApplicationShutdownHook] c.a.n.c.remote.client.grpc.GrpcClient    : Shutdown grpc executor java.util.concurrent.ThreadPoolExecutor@3a80c534[Running, pool size = 5, active threads = 0, queued tasks = 0, completed tasks = 220]
14:45:54:006  INFO 792 --- [SpringApplicationShutdownHook] com.zaxxer.hikari.HikariDataSource       : HikariPool-1 - Shutdown initiated...
14:45:54:026  INFO 792 --- [SpringApplicationShutdownHook] com.zaxxer.hikari.HikariDataSource       : HikariPool-1 - Shutdown completed.
14:46:04:423  INFO 17424 --- [main] com.hmall.item.ItemApplication           : Starting ItemApplication using Java 20.0.2 on LAPTOP-33Q7328Q with PID 17424 (D:\1SpringCloud微服务—资料\day03-微服务01\资料\hmall\item-service\target\classes started by Lenovo in D:\1SpringCloud微服务—资料\day03-微服务01\资料\hmall)
14:46:04:430 DEBUG 17424 --- [main] com.hmall.item.ItemApplication           : Running with Spring Boot v2.7.12, Spring v5.3.27
14:46:04:431  INFO 17424 --- [main] com.hmall.item.ItemApplication           : The following 1 profile is active: "local"
14:46:06:523  INFO 17424 --- [main] o.s.cloud.context.scope.GenericScope     : BeanFactory id=927ef463-f6c8-3ecb-906c-1c0427f9f88a
14:46:07:310  INFO 17424 --- [main] o.s.b.w.embedded.tomcat.TomcatWebServer  : Tomcat initialized with port(s): 7000 (http)
14:46:07:334  INFO 17424 --- [main] o.apache.catalina.core.StandardService   : Starting service [Tomcat]
14:46:07:335  INFO 17424 --- [main] org.apache.catalina.core.StandardEngine  : Starting Servlet engine: [Apache Tomcat/9.0.75]
14:46:07:582  INFO 17424 --- [main] o.a.c.c.C.[Tomcat].[localhost].[/]       : Initializing Spring embedded WebApplicationContext
14:46:07:582  INFO 17424 --- [main] w.s.c.ServletWebServerApplicationContext : Root WebApplicationContext: initialization completed in 3050 ms
14:46:11:212  INFO 17424 --- [main] o.s.cloud.commons.util.InetUtils         : Cannot determine local hostname
14:46:11:286  INFO 17424 --- [main] pertySourcedRequestMappingHandlerMapping : Mapped URL path [/v2/api-docs] onto method [springfox.documentation.swagger2.web.Swagger2ControllerWebMvc#getDocumentation(String, HttpServletRequest)]
14:46:13:009  INFO 17424 --- [main] o.s.cloud.commons.util.InetUtils         : Cannot determine local hostname
14:46:13:276  INFO 17424 --- [main] com.alibaba.nacos.common.remote.client   : [RpcClientFactory] create a new rpc client of 5bb03f76-20b3-4635-8c14-eb83be9caa84
14:46:13:387  INFO 17424 --- [main] org.reflections.Reflections              : Reflections took 54 ms to scan 1 urls, producing 3 keys and 6 values 
14:46:13:434  INFO 17424 --- [main] org.reflections.Reflections              : Reflections took 19 ms to scan 1 urls, producing 4 keys and 9 values 
14:46:13:452  INFO 17424 --- [main] org.reflections.Reflections              : Reflections took 16 ms to scan 1 urls, producing 3 keys and 10 values 
14:46:13:455  WARN 17424 --- [main] org.reflections.Reflections              : given scan urls are empty. set urls in the configuration
14:46:13:468  INFO 17424 --- [main] org.reflections.Reflections              : Reflections took 12 ms to scan 1 urls, producing 1 keys and 5 values 
14:46:13:494  INFO 17424 --- [main] org.reflections.Reflections              : Reflections took 23 ms to scan 1 urls, producing 1 keys and 7 values 
14:46:13:516  INFO 17424 --- [main] org.reflections.Reflections              : Reflections took 18 ms to scan 1 urls, producing 2 keys and 8 values 
14:46:13:520  WARN 17424 --- [main] org.reflections.Reflections              : given scan urls are empty. set urls in the configuration
14:46:13:522  INFO 17424 --- [main] com.alibaba.nacos.common.remote.client   : [5bb03f76-20b3-4635-8c14-eb83be9caa84] RpcClient init label, labels = {module=naming, source=sdk}
14:46:13:526  INFO 17424 --- [main] com.alibaba.nacos.common.remote.client   : [5bb03f76-20b3-4635-8c14-eb83be9caa84] RpcClient init, ServerListFactory = com.alibaba.nacos.client.naming.core.ServerListManager
14:46:13:527  INFO 17424 --- [main] com.alibaba.nacos.common.remote.client   : [5bb03f76-20b3-4635-8c14-eb83be9caa84] Registry connection listener to current client:com.alibaba.nacos.client.naming.remote.gprc.redo.NamingGrpcRedoService
14:46:13:527  INFO 17424 --- [main] com.alibaba.nacos.common.remote.client   : [5bb03f76-20b3-4635-8c14-eb83be9caa84] Register server push request handler:com.alibaba.nacos.client.naming.remote.gprc.NamingPushRequestHandler
14:46:13:532  INFO 17424 --- [main] com.alibaba.nacos.common.remote.client   : [5bb03f76-20b3-4635-8c14-eb83be9caa84] Try to connect to server on start up, server: {serverIp = '192.168.202.128', server main port = 8848}
14:46:15:961  INFO 17424 --- [main] com.alibaba.nacos.common.remote.client   : [5bb03f76-20b3-4635-8c14-eb83be9caa84] Success to connect to server [192.168.202.128:8848] on start up, connectionId = 1733899594863_192.168.202.1_4679
14:46:15:961  INFO 17424 --- [com.alibaba.nacos.client.remote.worker] com.alibaba.nacos.common.remote.client   : [5bb03f76-20b3-4635-8c14-eb83be9caa84] Notify connected event to listeners.
14:46:15:962  INFO 17424 --- [main] com.alibaba.nacos.common.remote.client   : [5bb03f76-20b3-4635-8c14-eb83be9caa84] Register server push request handler:com.alibaba.nacos.common.remote.client.RpcClient$ConnectResetRequestHandler
14:46:15:962  INFO 17424 --- [main] com.alibaba.nacos.common.remote.client   : [5bb03f76-20b3-4635-8c14-eb83be9caa84] Register server push request handler:com.alibaba.nacos.common.remote.client.RpcClient$$Lambda$930/0x000002414d747408
14:46:16:086  INFO 17424 --- [main] o.s.b.w.embedded.tomcat.TomcatWebServer  : Tomcat started on port(s): 7000 (http) with context path ''
14:46:16:106  INFO 17424 --- [main] c.a.c.n.registry.NacosServiceRegistry    : nacos registry, DEFAULT_GROUP item-service 192.168.202.1:7000 register finished
14:46:16:539  INFO 17424 --- [nacos-grpc-client-executor-8] com.alibaba.nacos.common.remote.client   : [5bb03f76-20b3-4635-8c14-eb83be9caa84] Receive server push request, request = NotifySubscriberRequest, requestId = 22
14:46:16:545  INFO 17424 --- [nacos-grpc-client-executor-8] com.alibaba.nacos.common.remote.client   : [5bb03f76-20b3-4635-8c14-eb83be9caa84] Ack server push request, request = NotifySubscriberRequest, requestId = 22
14:46:17:748  INFO 17424 --- [main] o.s.cloud.commons.util.InetUtils         : Cannot determine local hostname
14:46:17:749  INFO 17424 --- [main] d.s.w.p.DocumentationPluginsBootstrapper : Documentation plugins bootstrapped
14:46:17:754  INFO 17424 --- [main] d.s.w.p.DocumentationPluginsBootstrapper : Found 1 custom documentation plugin(s)
14:46:17:814  INFO 17424 --- [main] s.d.s.w.s.ApiListingReferenceScanner     : Scanning for api listing references
14:46:18:082  INFO 17424 --- [main] com.hmall.item.ItemApplication           : Started ItemApplication in 16.577 seconds (JVM running for 17.66)
14:46:29:905  INFO 17424 --- [http-nio-7000-exec-1] o.a.c.c.C.[Tomcat].[localhost].[/]       : Initializing Spring DispatcherServlet 'dispatcherServlet'
14:46:29:905  INFO 17424 --- [http-nio-7000-exec-1] o.s.web.servlet.DispatcherServlet        : Initializing Servlet 'dispatcherServlet'
14:46:29:905  INFO 17424 --- [http-nio-7000-exec-1] o.s.web.servlet.DispatcherServlet        : Completed initialization in 0 ms
14:46:30:048  INFO 17424 --- [http-nio-7000-exec-1] com.zaxxer.hikari.HikariDataSource       : HikariPool-1 - Starting...
14:46:30:725  INFO 17424 --- [http-nio-7000-exec-1] com.zaxxer.hikari.HikariDataSource       : HikariPool-1 - Start completed.
14:46:30:739 DEBUG 17424 --- [http-nio-7000-exec-1] c.h.i.mapper.ItemMapper.selectBatchIds   : ==>  Preparing: SELECT id,name,price,stock,image,category,brand,spec,sold,comment_count,isAD,status,create_time,update_time,creater,updater FROM item WHERE id IN ( ? )
14:46:30:786 DEBUG 17424 --- [http-nio-7000-exec-1] c.h.i.mapper.ItemMapper.selectBatchIds   : ==> Parameters: 3072507(Long)
14:46:30:834 DEBUG 17424 --- [http-nio-7000-exec-1] c.h.i.mapper.ItemMapper.selectBatchIds   : <==      Total: 1
14:46:31:069  WARN 17424 --- [http-nio-7000-exec-2] .w.s.m.s.DefaultHandlerExceptionResolver : Resolved [org.springframework.http.converter.HttpMessageNotReadableException: JSON parse error: Cannot deserialize value of type `com.hmall.item.domain.dto.OrderDetailDTO` from Array value (token `JsonToken.START_ARRAY`); nested exception is com.fasterxml.jackson.databind.exc.MismatchedInputException: Cannot deserialize value of type `com.hmall.item.domain.dto.OrderDetailDTO` from Array value (token `JsonToken.START_ARRAY`)<EOL> at [Source: (org.springframework.util.StreamUtils$NonClosingInputStream); line: 1, column: 2] (through reference chain: java.util.ArrayList[0])]
14:55:27:740  WARN 17424 --- [Thread-7] c.a.n.common.http.HttpClientBeanHolder   : [HttpClientBeanHolder] Start destroying common HttpClient
14:55:27:741  WARN 17424 --- [Thread-4] c.a.nacos.common.notify.NotifyCenter     : [NotifyCenter] Start destroying Publisher
14:55:27:741  WARN 17424 --- [Thread-4] c.a.nacos.common.notify.NotifyCenter     : [NotifyCenter] Destruction of the end
14:55:27:742  WARN 17424 --- [Thread-7] c.a.n.common.http.HttpClientBeanHolder   : [HttpClientBeanHolder] Destruction of the end
14:55:27:881  INFO 17424 --- [SpringApplicationShutdownHook] c.a.c.n.registry.NacosServiceRegistry    : De-registering from Nacos Server now...
14:55:27:889  INFO 17424 --- [SpringApplicationShutdownHook] c.a.c.n.registry.NacosServiceRegistry    : De-registration finished.
14:55:28:218  INFO 17424 --- [SpringApplicationShutdownHook] com.alibaba.nacos.common.remote.client   : Shutdown rpc client, set status to shutdown
14:55:28:218  INFO 17424 --- [SpringApplicationShutdownHook] com.alibaba.nacos.common.remote.client   : Shutdown client event executor java.util.concurrent.ScheduledThreadPoolExecutor@578b2dec[Running, pool size = 2, active threads = 2, queued tasks = 0, completed tasks = 0]
14:55:28:219  INFO 17424 --- [SpringApplicationShutdownHook] com.alibaba.nacos.common.remote.client   : Close current connection 1733899594863_192.168.202.1_4679
14:55:28:222  INFO 17424 --- [nacos-grpc-client-executor-126] c.a.n.c.remote.client.grpc.GrpcClient    : [1733899594863_192.168.202.1_4679]Ignore complete event,isRunning:false,isAbandon=false
14:55:28:227  INFO 17424 --- [SpringApplicationShutdownHook] c.a.n.c.remote.client.grpc.GrpcClient    : Shutdown grpc executor java.util.concurrent.ThreadPoolExecutor@4272d8cf[Running, pool size = 4, active threads = 0, queued tasks = 0, completed tasks = 127]
14:55:28:237  INFO 17424 --- [SpringApplicationShutdownHook] com.zaxxer.hikari.HikariDataSource       : HikariPool-1 - Shutdown initiated...
14:55:28:253  INFO 17424 --- [SpringApplicationShutdownHook] com.zaxxer.hikari.HikariDataSource       : HikariPool-1 - Shutdown completed.
